# JRE version: Java(TM) SE Runtime Environment (24.0+36) (build 24+36-3646)
# Java VM: Java HotSpot(TM) 64-Bit Server VM (24+36-3646, mixed mode, emulated-client, sharing, tiered, compressed oops, compressed class ptrs, g1 gc, windows-amd64)
GC Precious Log:
 CardTable entry size: 512
 Card Set container configuration: InlinePtr #cards 4 size 8 Array Of Cards #cards 16 size 48 Howl #buckets 8 coarsen threshold 3686 Howl Bitmap #cards 512 size 80 coarsen threshold 460 Card regions per heap region 1 cards per card region 4096
 CPUs: 16 total, 16 available
 Memory: 10085M
 Large Page Support: Disabled
 NUMA Support: Disabled
 Compressed Oops: Enabled (Zero based)
 Heap Region Size: 2M
 Heap Min Capacity: 8M
 Heap Initial Capacity: 158M
 Heap Max Capacity: 2522M
 Pre-touch: Disabled
 Parallel Workers: 13
 Concurrent Workers: 3
 Concurrent Refinement Workers: 13
 Periodic GC: Disabled
Heap:
 garbage-first heap   total reserved 2582528K, committed 57344K, used 23811K [0x0000000762600000, 0x0000000800000000)
  region size 2048K, 7 young (14336K), 2 survivors (4096K)
 Metaspace       used 28669K, committed 29248K, reserved 1114112K
  class space    used 3353K, committed 3584K, reserved 1048576K
GC Heap History (8 events):
Event: 0.879 GC heap before
{Heap before GC invocations=0 (full 0):
 garbage-first heap   total reserved 2582528K, committed 163840K, used 48244K [0x0000000762600000, 0x0000000800000000)
  region size 2048K, 24 young (49152K), 0 survivors (0K)
 Metaspace       used 11236K, committed 11520K, reserved 1114112K
  class space    used 1281K, committed 1408K, reserved 1048576K
}
Event: 0.884 GC heap after
{Heap after GC invocations=1 (full 0):
 garbage-first heap   total reserved 2582528K, committed 163840K, used 7430K [0x0000000762600000, 0x0000000800000000)
  region size 2048K, 3 young (6144K), 3 survivors (6144K)
 Metaspace       used 11236K, committed 11520K, reserved 1114112K
  class space    used 1281K, committed 1408K, reserved 1048576K
}
Event: 1.394 GC heap before
{Heap before GC invocations=1 (full 0):
 garbage-first heap   total reserved 2582528K, committed 163840K, used 56582K [0x0000000762600000, 0x0000000800000000)
  region size 2048K, 28 young (57344K), 3 survivors (6144K)
 Metaspace       used 20273K, committed 20736K, reserved 1114112K
  class space    used 2283K, committed 2496K, reserved 1048576K
}
Event: 1.400 GC heap after
{Heap after GC invocations=2 (full 0):
 garbage-first heap   total reserved 2582528K, committed 163840K, used 11336K [0x0000000762600000, 0x0000000800000000)
  region size 2048K, 2 young (4096K), 2 survivors (4096K)
 Metaspace       used 20273K, committed 20736K, reserved 1114112K
  class space    used 2283K, committed 2496K, reserved 1048576K
}
Event: 1.859 GC heap before
{Heap before GC invocations=3 (full 0):
 garbage-first heap   total reserved 2582528K, committed 49152K, used 46152K [0x0000000762600000, 0x0000000800000000)
  region size 2048K, 19 young (38912K), 2 survivors (4096K)
 Metaspace       used 25386K, committed 25792K, reserved 1114112K
  class space    used 2913K, committed 3072K, reserved 1048576K
}
Event: 1.863 GC heap after
{Heap after GC invocations=4 (full 0):
 garbage-first heap   total reserved 2582528K, committed 57344K, used 13968K [0x0000000762600000, 0x0000000800000000)
  region size 2048K, 4 young (8192K), 4 survivors (8192K)
 Metaspace       used 25386K, committed 25792K, reserved 1114112K
  class space    used 2913K, committed 3072K, reserved 1048576K
}
Event: 8.642 GC heap before
{Heap before GC invocations=4 (full 0):
 garbage-first heap   total reserved 2582528K, committed 57344K, used 36496K [0x0000000762600000, 0x0000000800000000)
  region size 2048K, 15 young (30720K), 4 survivors (8192K)
 Metaspace       used 28118K, committed 28608K, reserved 1114112K
  class space    used 3275K, committed 3520K, reserved 1048576K
}
Event: 8.647 GC heap after
{Heap after GC invocations=5 (full 0):
 garbage-first heap   total reserved 2582528K, committed 57344K, used 15619K [0x0000000762600000, 0x0000000800000000)
  region size 2048K, 2 young (4096K), 2 survivors (4096K)
 Metaspace       used 28118K, committed 28608K, reserved 1114112K
  class space    used 3275K, committed 3520K, reserved 1048576K
}

